# JRE version: Java(TM) SE Runtime Environment (8.0_51-b16) (build 1.8.0_51-b16)
# Java VM: Java HotSpot(TM) 64-Bit Server VM (25.51-b03 mixed mode windows-amd64 compressed oops)
Heap:
 PSYoungGen      total 272896K, used 34095K [0x000000076b100000, 0x000000077c600000, 0x00000007c0000000)
  eden space 262144K, 9% used [0x000000076b100000,0x000000076c853498,0x000000077b100000)
  from space 10752K, 94% used [0x000000077bb80000,0x000000077c5788a0,0x000000077c600000)
  to   space 10752K, 0% used [0x000000077b100000,0x000000077b100000,0x000000077bb80000)
 ParOldGen       total 175104K, used 22833K [0x00000006c1200000, 0x00000006cbd00000, 0x000000076b100000)
  object space 175104K, 13% used [0x00000006c1200000,0x00000006c284c768,0x00000006cbd00000)
 Metaspace       used 13037K, capacity 13224K, committed 13312K, reserved 1060864K
  class space    used 1470K, capacity 1529K, committed 1536K, reserved 1048576K
GC Heap History (8 events):
Event: 0.856 GC heap before
{Heap before GC invocations=1 (full 0):
 PSYoungGen      total 76288K, used 60913K [0x000000076b100000, 0x0000000770600000, 0x00000007c0000000)
  eden space 65536K, 92% used [0x000000076b100000,0x000000076ec7c658,0x000000076f100000)
  from space 10752K, 0% used [0x000000076fb80000,0x000000076fb80000,0x0000000770600000)
  to   space 10752K, 0% used [0x000000076f100000,0x000000076f100000,0x000000076fb80000)
 ParOldGen       total 175104K, used 0K [0x00000006c1200000, 0x00000006cbd00000, 0x000000076b100000)
  object space 175104K, 0% used [0x00000006c1200000,0x00000006c1200000,0x00000006cbd00000)
 Metaspace       used 5497K, capacity 5644K, committed 5760K, reserved 1056768K
  class space    used 580K, capacity 620K, committed 640K, reserved 1048576K
Event: 0.869 GC heap after
Heap after GC invocations=1 (full 0):
 PSYoungGen      total 76288K, used 10732K [0x000000076b100000, 0x0000000774600000, 0x00000007c0000000)
  eden space 65536K, 0% used [0x000000076b100000,0x000000076b100000,0x000000076f100000)
  from space 10752K, 99% used [0x000000076f100000,0x000000076fb7b390,0x000000076fb80000)
  to   space 10752K, 0% used [0x0000000773b80000,0x0000000773b80000,0x0000000774600000)
 ParOldGen       total 175104K, used 5118K [0x00000006c1200000, 0x00000006cbd00000, 0x000000076b100000)
  object space 175104K, 2% used [0x00000006c1200000,0x00000006c16ffb40,0x00000006cbd00000)
 Metaspace       used 5497K, capacity 5644K, committed 5760K, reserved 1056768K
  class space    used 580K, capacity 620K, committed 640K, reserved 1048576K
}
Event: 1.423 GC heap before
{Heap before GC invocations=2 (full 0):
 PSYoungGen      total 76288K, used 76268K [0x000000076b100000, 0x0000000774600000, 0x00000007c0000000)
  eden space 65536K, 100% used [0x000000076b100000,0x000000076f100000,0x000000076f100000)
  from space 10752K, 99% used [0x000000076f100000,0x000000076fb7b390,0x000000076fb80000)
  to   space 10752K, 0% used [0x0000000773b80000,0x0000000773b80000,0x0000000774600000)
 ParOldGen       total 175104K, used 5118K [0x00000006c1200000, 0x00000006cbd00000, 0x000000076b100000)
  object space 175104K, 2% used [0x00000006c1200000,0x00000006c16ffb40,0x00000006cbd00000)
 Metaspace       used 5865K, capacity 6026K, committed 6144K, reserved 1056768K
  class space    used 617K, capacity 657K, committed 768K, reserved 1048576K
Event: 1.481 GC heap after
Heap after GC invocations=2 (full 0):
 PSYoungGen      total 141824K, used 10725K [0x000000076b100000, 0x0000000774600000, 0x00000007c0000000)
  eden space 131072K, 0% used [0x000000076b100000,0x000000076b100000,0x0000000773100000)
  from space 10752K, 99% used [0x0000000773b80000,0x00000007745f9670,0x0000000774600000)
  to   space 10752K, 0% used [0x0000000773100000,0x0000000773100000,0x0000000773b80000)
 ParOldGen       total 175104K, used 16064K [0x00000006c1200000, 0x00000006cbd00000, 0x000000076b100000)
  object space 175104K, 9% used [0x00000006c1200000,0x00000006c21b02c0,0x00000006cbd00000)
 Metaspace       used 5865K, capacity 6026K, committed 6144K, reserved 1056768K
  class space    used 617K, capacity 657K, committed 768K, reserved 1048576K
}
Event: 4.377 GC heap before
{Heap before GC invocations=3 (full 0):
 PSYoungGen      total 141824K, used 141797K [0x000000076b100000, 0x0000000774600000, 0x00000007c0000000)
  eden space 131072K, 100% used [0x000000076b100000,0x0000000773100000,0x0000000773100000)
  from space 10752K, 99% used [0x0000000773b80000,0x00000007745f9670,0x0000000774600000)
  to   space 10752K, 0% used [0x0000000773100000,0x0000000773100000,0x0000000773b80000)
 ParOldGen       total 175104K, used 16064K [0x00000006c1200000, 0x00000006cbd00000, 0x000000076b100000)
  object space 175104K, 9% used [0x00000006c1200000,0x00000006c21b02c0,0x00000006cbd00000)
 Metaspace       used 13006K, capacity 13224K, committed 13312K, reserved 1060864K
  class space    used 1470K, capacity 1529K, committed 1536K, reserved 1048576K
Event: 4.385 GC heap after
Heap after GC invocations=3 (full 0):
 PSYoungGen      total 141824K, used 10737K [0x000000076b100000, 0x000000077c600000, 0x00000007c0000000)
  eden space 131072K, 0% used [0x000000076b100000,0x000000076b100000,0x0000000773100000)
  from space 10752K, 99% used [0x0000000773100000,0x0000000773b7c4a0,0x0000000773b80000)
  to   space 10752K, 0% used [0x000000077bb80000,0x000000077bb80000,0x000000077c600000)
 ParOldGen       total 175104K, used 22186K [0x00000006c1200000, 0x00000006cbd00000, 0x000000076b100000)
  object space 175104K, 12% used [0x00000006c1200000,0x00000006c27aab58,0x00000006cbd00000)
 Metaspace       used 13006K, capacity 13224K, committed 13312K, reserved 1060864K
  class space    used 1470K, capacity 1529K, committed 1536K, reserved 1048576K
}
Event: 4.578 GC heap before
{Heap before GC invocations=4 (full 0):
 PSYoungGen      total 141824K, used 141809K [0x000000076b100000, 0x000000077c600000, 0x00000007c0000000)
  eden space 131072K, 100% used [0x000000076b100000,0x0000000773100000,0x0000000773100000)
  from space 10752K, 99% used [0x0000000773100000,0x0000000773b7c4a0,0x0000000773b80000)
  to   space 10752K, 0% used [0x000000077bb80000,0x000000077bb80000,0x000000077c600000)
 ParOldGen       total 175104K, used 22186K [0x00000006c1200000, 0x00000006cbd00000, 0x000000076b100000)
  object space 175104K, 12% used [0x00000006c1200000,0x00000006c27aab58,0x00000006cbd00000)
 Metaspace       used 13037K, capacity 13224K, committed 13312K, reserved 1060864K
  class space    used 1470K, capacity 1529K, committed 1536K, reserved 1048576K
Event: 4.582 GC heap after
Heap after GC invocations=4 (full 0):
 PSYoungGen      total 272896K, used 10210K [0x000000076b100000, 0x000000077c600000, 0x00000007c0000000)
  eden space 262144K, 0% used [0x000000076b100000,0x000000076b100000,0x000000077b100000)
  from space 10752K, 94% used [0x000000077bb80000,0x000000077c5788a0,0x000000077c600000)
  to   space 10752K, 0% used [0x000000077b100000,0x000000077b100000,0x000000077bb80000)
 ParOldGen       total 175104K, used 22833K [0x00000006c1200000, 0x00000006cbd00000, 0x000000076b100000)
  object space 175104K, 13% used [0x00000006c1200000,0x00000006c284c768,0x00000006cbd00000)
 Metaspace       used 13037K, capacity 13224K, committed 13312K, reserved 1060864K
  class space    used 1470K, capacity 1529K, committed 1536K, reserved 1048576K
}

